10/7/13 8:55:31 PM - 1: org.apache.uima.adapter.jms.service.UIMA_Service.initialize(68): INFO: UIMA-AS version 2.4.0
10/7/13 8:55:32 PM - 1: org.apache.uima.aae.controller.BaseAnalysisEngineController.logPlatformInfo: INFO: 
+------------------------------------------------------------------
                   Starting UIMA AS Service - PID: 2280
+------------------------------------------------------------------
+ Service Name:ASAnalyseQuestionAnnotator
+ Service Queue Name:YueranyAnnotatorQueue
+ Service Start Time:07 Oct 2013 20:55:31 
+ UIMA AS Version:2.4.0
+ UIMA Core Version:2.4.0
+ OS Name:Linux
+ OS Version:3.7.6-102.fc17.x86_64
+ OS Architecture:amd64
+ OS CPU Count:4
+ JVM Vendor:Oracle Corporation
+ JVM Name:OpenJDK 64-Bit Server VM
+ JVM Version:23.2-b09
+ JVM Input Args:[-DVNS_HOST=localhost, -DVNS_PORT=9000, -Duima.home=/home/yueran/eclipse/apache-uima-as-2.4.0, -Duima.datapath=, -Djava.util.logging.config.file=/home/yueran/eclipse/apache-uima-as-2.4.0/config/Logger.properties, -Duima.tools.cvd.manpath.notset, -Xms128M, -Xmx800M, -Dlog4j.configuration=file:/home/yueran/eclipse/apache-uima-as-2.4.0/as_config/uimaAsLog4j.properties, -DUimaBootstrapSuppressClassPathDisplay, -Dorg.apache.uima.jarpath=/home/yueran/git/hw3-yuerany/hw3-yuerany/target:/home/yueran/eclipse/apache-uima-as-2.4.0/examples/resources:/home/yueran/eclipse/apache-uima-as-2.4.0/lib::/home/yueran/eclipse/apache-uima-as-2.4.0/lib/xmlbeans:/home/yueran/eclipse/apache-uima-as-2.4.0/apache-activemq-5.4.1:/home/yueran/eclipse/apache-uima-as-2.4.0/apache-activemq-5.4.1/lib:/home/yueran/eclipse/apache-uima-as-2.4.0/apache-activemq-5.4.1/lib/optional:]
+ JVM Classpath:/home/yueran/eclipse/apache-uima-as-2.4.0/lib/uimaj-bootstrap.jar
+ JVM Loaded Jars:/home/yueran/eclipse/apache-uima-as-2.4.0/lib/uimaj-bootstrap.jar:/home/yueran/git/hw3-yuerany/hw3-yuerany/target/hw3-yuerany-2-SNAPSHOT-jar-with-dependencies.jar:/home/yueran/eclipse/apache-uima-as-2.4.0/examples/resources/:/home/yueran/eclipse/apache-uima-as-2.4.0/lib/jVinci.jar:/home/yueran/eclipse/apache-uima-as-2.4.0/lib/uima-adapter-soap.jar:/home/yueran/eclipse/apache-uima-as-2.4.0/lib/uima-examples.jar:/home/yueran/eclipse/apache-uima-as-2.4.0/lib/uima-tools.jar:/home/yueran/eclipse/apache-uima-as-2.4.0/lib/uima-document-annotation.jar:/home/yueran/eclipse/apache-uima-as-2.4.0/lib/uimaj-as-activemq.jar:/home/yueran/eclipse/apache-uima-as-2.4.0/lib/uima-adapter-vinci.jar:/home/yueran/eclipse/apache-uima-as-2.4.0/lib/uima-core.jar:/home/yueran/eclipse/apache-uima-as-2.4.0/lib/xmlbeans.jar:/home/yueran/eclipse/apache-uima-as-2.4.0/lib/uima-cpe.jar:/home/yueran/eclipse/apache-uima-as-2.4.0/lib/uimaj-as-camel.jar:/home/yueran/eclipse/apache-uima-as-2.4.0/lib/uimaj-as-jms.jar:/home/yueran/eclipse/apache-uima-as-2.4.0/lib/uimaj-as-core.jar:/home/yueran/eclipse/apache-uima-as-2.4.0/apache-activemq-5.4.1/activemq-all-5.4.1.jar:/home/yueran/eclipse/apache-uima-as-2.4.0/apache-activemq-5.4.1/lib/spring-tx-3.0.3.RELEASE.jar:/home/yueran/eclipse/apache-uima-as-2.4.0/apache-activemq-5.4.1/lib/commons-logging-1.1.1.jar:/home/yueran/eclipse/apache-uima-as-2.4.0/apache-activemq-5.4.1/lib/spring-asm-3.0.3.RELEASE.jar:/home/yueran/eclipse/apache-uima-as-2.4.0/apache-activemq-5.4.1/lib/spring-jms-3.0.3.RELEASE.jar:/home/yueran/eclipse/apache-uima-as-2.4.0/apache-activemq-5.4.1/lib/activemq-console-5.4.1.jar:/home/yueran/eclipse/apache-uima-as-2.4.0/apache-activemq-5.4.1/lib/spring-context-3.0.3.RELEASE.jar:/home/yueran/eclipse/apache-uima-as-2.4.0/apache-activemq-5.4.1/lib/activemq-spring-5.4.1.jar:/home/yueran/eclipse/apache-uima-as-2.4.0/apache-activemq-5.4.1/lib/kahadb-5.4.1.jar:/home/yueran/eclipse/apache-uima-as-2.4.0/apache-activemq-5.4.1/lib/activemq-camel-5.4.1.jar:/home/yueran/eclipse/apache-uima-as-2.4.0/apache-activemq-5.4.1/lib/activemq-optional-5.4.1.jar:/home/yueran/eclipse/apache-uima-as-2.4.0/apache-activemq-5.4.1/lib/geronimo-jms_1.1_spec-1.1.jar:/home/yueran/eclipse/apache-uima-as-2.4.0/apache-activemq-5.4.1/lib/spring-expression-3.0.3.RELEASE.jar:/home/yueran/eclipse/apache-uima-as-2.4.0/apache-activemq-5.4.1/lib/geronimo-j2ee-management_1.1_spec-1.0.1.jar:/home/yueran/eclipse/apache-uima-as-2.4.0/apache-activemq-5.4.1/lib/spring-aop-3.0.3.RELEASE.jar:/home/yueran/eclipse/apache-uima-as-2.4.0/apache-activemq-5.4.1/lib/spring-core-3.0.3.RELEASE.jar:/home/yueran/eclipse/apache-uima-as-2.4.0/apache-activemq-5.4.1/lib/xbean-spring-3.7.jar:/home/yueran/eclipse/apache-uima-as-2.4.0/apache-activemq-5.4.1/lib/activemq-core-5.4.1.jar:/home/yueran/eclipse/apache-uima-as-2.4.0/apache-activemq-5.4.1/lib/spring-beans-3.0.3.RELEASE.jar:/home/yueran/eclipse/apache-uima-as-2.4.0/apache-activemq-5.4.1/lib/optional/geronimo-servlet_2.5_spec-1.2.jar:/home/yueran/eclipse/apache-uima-as-2.4.0/apache-activemq-5.4.1/lib/optional/xmlpull-1.1.3.4d_b4_min.jar:/home/yueran/eclipse/apache-uima-as-2.4.0/apache-activemq-5.4.1/lib/optional/jetty-all-server-7.0.1.v20091125.jar:/home/yueran/eclipse/apache-uima-as-2.4.0/apache-activemq-5.4.1/lib/optional/commons-codec-1.2.jar:/home/yueran/eclipse/apache-uima-as-2.4.0/apache-activemq-5.4.1/lib/optional/commons-httpclient-3.1.jar:/home/yueran/eclipse/apache-uima-as-2.4.0/apache-activemq-5.4.1/lib/optional/xstream-1.3.1.jar:/home/yueran/eclipse/apache-uima-as-2.4.0/apache-activemq-5.4.1/lib/optional/log4j-1.2.14.jar:
+ JVM LIB_PATH:/home/yueran/eclipse/apache-uima-as-2.4.0/uimacpp/lib:/home/yueran/eclipse/apache-uima-as-2.4.0/uimacpp/examples/tutorial/src::/usr/java/packages/lib/amd64:/usr/lib64:/lib64:/lib:/usr/lib
+------------------------------------------------------------------ 
10/7/13 8:55:33 PM - 1: org.apache.uima.adapter.jms.activemq.JmsInputChannel.setEndpointName: INFO: top_level_input_queue_service_1 Service Starting - Listening for Messages 
10/7/13 8:55:33 PM - 1: org.apache.uima.adapter.jms.activemq.SpringContainerDeployer.waitForServiceNotification: INFO: Uima EE Client Blocking - Awaiting Top Level Controller Initialization Notification
10/7/13 8:55:33 PM - 11: org.apache.uima.aae.UimaAsThreadFactory$1.UimaAsThreadFactory.run(): INFO: Controller: ASAnalyseQuestionAnnotator Initializing AE instance on Thread Id: 11
10/7/13 8:55:33 PM - 11: org.apache.uima.aae.controller.PrimitiveAnalysisEngineController_impl.postInitialize: INFO: ********* Initialized the Controller. ASAnalyseQuestionAnnotator Ready To Process. ********
10/7/13 8:55:33 PM - 1: org.apache.uima.adapter.jms.activemq.SpringContainerDeployer.doStartListeners: INFO: Controller: ASAnalyseQuestionAnnotator Starting Listener on Endpoint: queue://YueranyAnnotatorQueue Selector: Command=2000 OR Command=2002 Broker: tcp://localhost:61616
10/7/13 8:55:34 PM - 1: org.apache.uima.adapter.jms.activemq.SpringContainerDeployer.doStartListeners: INFO: Controller: ASAnalyseQuestionAnnotator Starting Listener on Endpoint: queue://YueranyAnnotatorQueue Selector: Command=2001 Broker: tcp://localhost:61616
